<?xml version='1.0' encoding='UTF-8'?>
<testsuite hostname="ThinkBook" name="UserRepositoryImplTest" tests="4" errors="0" failures="0" skipped="0" time="3.74" timestamp="2024-09-18T09:49:22">
          <properties>
[...]
</properties>
          <testcase classname="UserRepositoryImplTest" name="UserRepositoryImpl should create a user" time="3.623">
                      
                    </testcase><testcase classname="UserRepositoryImplTest" name="UserRepositoryImpl should read a user by id" time="0.052">
                      
                    </testcase><testcase classname="UserRepositoryImplTest" name="UserRepositoryImpl should update a user" time="0.031">
                      
                    </testcase><testcase classname="UserRepositoryImplTest" name="UserRepositoryImpl should delete a user by id" time="0.034">
                      
                    </testcase>
          <system-out><![CDATA[]]></system-out>
          <system-err><![CDATA[]]></system-err>
        </testsuite>